<?xml version="1.0" encoding="UTF-8"?>
<testsuites tests="4" failures="0" disabled="0" errors="0" time="0" timestamp="2021-09-14T17:51:17" name="AllTests">
  <testsuite name="FmuContainerCore" tests="2" failures="0" disabled="0" errors="0" time="0" timestamp="2021-09-14T17:51:17">
    <testcase name="Initialize1" status="run" result="completed" time="0" timestamp="2021-09-14T17:51:17" classname="FmuContainerCore" />
    <testcase name="BasicOk" status="run" result="completed" time="0" timestamp="2021-09-14T17:51:17" classname="FmuContainerCore" />
  </testsuite>
  <testsuite name="FmuContainerCoreTla" tests="2" failures="0" disabled="0" errors="0" time="0" timestamp="2021-09-14T17:51:17">
    <testcase name="InitOk" status="run" result="completed" time="0" timestamp="2021-09-14T17:51:17" classname="FmuContainerCoreTla" />
    <testcase name="InitOkDoStepOk" status="run" result="completed" time="0" timestamp="2021-09-14T17:51:17" classname="FmuContainerCoreTla" />
  </testsuite>
</testsuites>
